This is pdfTeX, Version 3.14159265-2.6-1.40.20 (MiKTeX 2.9.7050 64-bit) (preloaded format=pdflatex 2019.6.25)  28 JUN 2019 03:57
entering extended mode
**./isae-beamer-template.tex
(isae-beamer-template.tex
LaTeX2e <2018-12-01>
("C:\Users\Sergiu\AppData\Local\Programs\MiKTeX 2.9\tex/latex/beamer\beamer.cls
"
Document Class: beamer 2018/12/02 v3.55 A class for typesetting presentations

("C:\Users\Sergiu\AppData\Local\Programs\MiKTeX 2.9\tex/latex/beamer\beamerbase
modes.sty"
("C:\Users\Sergiu\AppData\Local\Programs\MiKTeX 2.9\tex/latex/etoolbox\etoolbox
.sty"
Package: etoolbox 2018/08/19 v2.5f e-TeX tools for LaTeX (JAW)
\etb@tempcnta=\count80
)
\beamer@tempbox=\box27
\beamer@tempcount=\count81
\c@beamerpauses=\count82

("C:\Users\Sergiu\AppData\Local\Programs\MiKTeX 2.9\tex/latex/beamer\beamerbase
decode.sty"
\beamer@slideinframe=\count83
\beamer@minimum=\count84
)
\beamer@commentbox=\box28
\beamer@modecount=\count85
)
("C:\Users\Sergiu\AppData\Local\Programs\MiKTeX 2.9\tex/generic/oberdiek\ifpdf.
sty"
Package: ifpdf 2018/09/07 v3.3 Provides the ifpdf switch
)
\headdp=\dimen102
\footheight=\dimen103
\sidebarheight=\dimen104
\beamer@tempdim=\dimen105
\beamer@finalheight=\dimen106
\beamer@animht=\dimen107
\beamer@animdp=\dimen108
\beamer@animwd=\dimen109
\beamer@leftmargin=\dimen110
\beamer@rightmargin=\dimen111
\beamer@leftsidebar=\dimen112
\beamer@rightsidebar=\dimen113
\beamer@boxsize=\dimen114
\beamer@vboxoffset=\dimen115
\beamer@descdefault=\dimen116
\beamer@descriptionwidth=\dimen117
\beamer@lastskip=\skip41
\beamer@areabox=\box29
\beamer@animcurrent=\box30
\beamer@animshowbox=\box31
\beamer@sectionbox=\box32
\beamer@logobox=\box33
\beamer@linebox=\box34
\beamer@sectioncount=\count86
\beamer@subsubsectionmax=\count87
\beamer@subsectionmax=\count88
\beamer@sectionmax=\count89
\beamer@totalheads=\count90
\beamer@headcounter=\count91
\beamer@partstartpage=\count92
\beamer@sectionstartpage=\count93
\beamer@subsectionstartpage=\count94
\beamer@animationtempa=\count95
\beamer@animationtempb=\count96
\beamer@xpos=\count97
\beamer@ypos=\count98
\beamer@ypos@offset=\count99
\beamer@showpartnumber=\count100
\beamer@currentsubsection=\count101
\beamer@coveringdepth=\count102
\beamer@sectionadjust=\count103
\beamer@tocsectionnumber=\count104

("C:\Users\Sergiu\AppData\Local\Programs\MiKTeX 2.9\tex/latex/beamer\beamerbase
options.sty"
("C:\Users\Sergiu\AppData\Local\Programs\MiKTeX 2.9\tex/latex/graphics\keyval.s
ty"
Package: keyval 2014/10/28 v1.15 key=value parser (DPC)
\KV@toks@=\toks14
))
\beamer@paperwidth=\skip42
\beamer@paperheight=\skip43

("C:\Users\Sergiu\AppData\Local\Programs\MiKTeX 2.9\tex/latex/geometry\geometry
.sty"
Package: geometry 2018/04/16 v5.8 Page Geometry

("C:\Users\Sergiu\AppData\Local\Programs\MiKTeX 2.9\tex/generic/oberdiek\ifvtex
.sty"
Package: ifvtex 2016/05/16 v1.6 Detect VTeX and its facilities (HO)
Package ifvtex Info: VTeX not detected.
)
("C:\Users\Sergiu\AppData\Local\Programs\MiKTeX 2.9\tex/generic/ifxetex\ifxetex
.sty"
Package: ifxetex 2010/09/12 v0.6 Provides ifxetex conditional
)
\Gm@cnth=\count105
\Gm@cntv=\count106
\c@Gm@tempcnt=\count107
\Gm@bindingoffset=\dimen118
\Gm@wd@mp=\dimen119
\Gm@odd@mp=\dimen120
\Gm@even@mp=\dimen121
\Gm@layoutwidth=\dimen122
\Gm@layoutheight=\dimen123
\Gm@layouthoffset=\dimen124
\Gm@layoutvoffset=\dimen125
\Gm@dimlist=\toks15

("C:\Users\Sergiu\AppData\Local\Programs\MiKTeX 2.9\tex/latex/geometry\geometry
.cfg"))
("C:\Users\Sergiu\AppData\Local\Programs\MiKTeX 2.9\tex/latex/base\size11.clo"
File: size11.clo 2018/09/03 v1.4i Standard LaTeX file (size option)
)
("C:\Users\Sergiu\AppData\Local\Programs\MiKTeX 2.9\tex/latex/pgf/basiclayer\pg
fcore.sty"
("C:\Users\Sergiu\AppData\Local\Programs\MiKTeX 2.9\tex/latex/graphics\graphicx
.sty"
Package: graphicx 2017/06/01 v1.1a Enhanced LaTeX Graphics (DPC,SPQR)

("C:\Users\Sergiu\AppData\Local\Programs\MiKTeX 2.9\tex/latex/graphics\graphics
.sty"
Package: graphics 2017/06/25 v1.2c Standard LaTeX Graphics (DPC,SPQR)

("C:\Users\Sergiu\AppData\Local\Programs\MiKTeX 2.9\tex/latex/graphics\trig.sty
"
Package: trig 2016/01/03 v1.10 sin cos tan (DPC)
)
("C:\Users\Sergiu\AppData\Local\Programs\MiKTeX 2.9\tex/latex/graphics-cfg\grap
hics.cfg"
File: graphics.cfg 2016/06/04 v1.11 sample graphics configuration
)
Package graphics Info: Driver file: pdftex.def on input line 99.

("C:\Users\Sergiu\AppData\Local\Programs\MiKTeX 2.9\tex/latex/graphics-def\pdft
ex.def"
File: pdftex.def 2018/01/08 v1.0l Graphics/color driver for pdftex
))
\Gin@req@height=\dimen126
\Gin@req@width=\dimen127
)
("C:\Users\Sergiu\AppData\Local\Programs\MiKTeX 2.9\tex/latex/pgf/systemlayer\p
gfsys.sty"
("C:\Users\Sergiu\AppData\Local\Programs\MiKTeX 2.9\tex/latex/pgf/utilities\pgf
rcs.sty"
("C:\Users\Sergiu\AppData\Local\Programs\MiKTeX 2.9\tex/generic/pgf/utilities\p
gfutil-common.tex"
\pgfutil@everybye=\toks16
\pgfutil@tempdima=\dimen128
\pgfutil@tempdimb=\dimen129

("C:\Users\Sergiu\AppData\Local\Programs\MiKTeX 2.9\tex/generic/pgf/utilities\p
gfutil-common-lists.tex"))
("C:\Users\Sergiu\AppData\Local\Programs\MiKTeX 2.9\tex/generic/pgf/utilities\p
gfutil-latex.def"
\pgfutil@abb=\box35

("C:\Users\Sergiu\AppData\Local\Programs\MiKTeX 2.9\tex/latex/ms\everyshi.sty"
Package: everyshi 2001/05/15 v3.00 EveryShipout Package (MS)
))
("C:\Users\Sergiu\AppData\Local\Programs\MiKTeX 2.9\tex/generic/pgf/utilities\p
gfrcs.code.tex"
("C:\Users\Sergiu\AppData\Local\Programs\MiKTeX 2.9\tex/generic/pgf\pgf.revisio
n.tex")
Package: pgfrcs 2019/05/09 v3.1.3 (3.1.3)
))
("C:\Users\Sergiu\AppData\Local\Programs\MiKTeX 2.9\tex/generic/pgf/systemlayer
\pgfsys.code.tex"
Package: pgfsys 2019/05/09 v3.1.3 (3.1.3)

("C:\Users\Sergiu\AppData\Local\Programs\MiKTeX 2.9\tex/generic/pgf/utilities\p
gfkeys.code.tex"
\pgfkeys@pathtoks=\toks17
\pgfkeys@temptoks=\toks18

("C:\Users\Sergiu\AppData\Local\Programs\MiKTeX 2.9\tex/generic/pgf/utilities\p
gfkeysfiltered.code.tex"
\pgfkeys@tmptoks=\toks19
))
\pgf@x=\dimen130
\pgf@y=\dimen131
\pgf@xa=\dimen132
\pgf@ya=\dimen133
\pgf@xb=\dimen134
\pgf@yb=\dimen135
\pgf@xc=\dimen136
\pgf@yc=\dimen137
\pgf@xd=\dimen138
\pgf@yd=\dimen139
\w@pgf@writea=\write3
\r@pgf@reada=\read1
\c@pgf@counta=\count108
\c@pgf@countb=\count109
\c@pgf@countc=\count110
\c@pgf@countd=\count111
\t@pgf@toka=\toks20
\t@pgf@tokb=\toks21
\t@pgf@tokc=\toks22
\pgf@sys@id@count=\count112

("C:\Users\Sergiu\AppData\Local\Programs\MiKTeX 2.9\tex/generic/pgf/systemlayer
\pgf.cfg"
File: pgf.cfg 2019/05/09 v3.1.3 (3.1.3)
)
Driver file for pgf: pgfsys-pdftex.def

("C:\Users\Sergiu\AppData\Local\Programs\MiKTeX 2.9\tex/generic/pgf/systemlayer
\pgfsys-pdftex.def"
File: pgfsys-pdftex.def 2019/05/09 v3.1.3 (3.1.3)

("C:\Users\Sergiu\AppData\Local\Programs\MiKTeX 2.9\tex/generic/pgf/systemlayer
\pgfsys-common-pdf.def"
File: pgfsys-common-pdf.def 2019/05/09 v3.1.3 (3.1.3)
)))
("C:\Users\Sergiu\AppData\Local\Programs\MiKTeX 2.9\tex/generic/pgf/systemlayer
\pgfsyssoftpath.code.tex"
File: pgfsyssoftpath.code.tex 2019/05/09 v3.1.3 (3.1.3)
\pgfsyssoftpath@smallbuffer@items=\count113
\pgfsyssoftpath@bigbuffer@items=\count114
)
("C:\Users\Sergiu\AppData\Local\Programs\MiKTeX 2.9\tex/generic/pgf/systemlayer
\pgfsysprotocol.code.tex"
File: pgfsysprotocol.code.tex 2019/05/09 v3.1.3 (3.1.3)
))
("C:\Users\Sergiu\AppData\Local\Programs\MiKTeX 2.9\tex/latex/xcolor\xcolor.sty
"
Package: xcolor 2016/05/11 v2.12 LaTeX color extensions (UK)

("C:\Users\Sergiu\AppData\Local\Programs\MiKTeX 2.9\tex/latex/graphics-cfg\colo
r.cfg"
File: color.cfg 2016/01/02 v1.6 sample color configuration
)
Package xcolor Info: Driver file: pdftex.def on input line 225.
Package xcolor Info: Model `cmy' substituted by `cmy0' on input line 1348.
Package xcolor Info: Model `hsb' substituted by `rgb' on input line 1352.
Package xcolor Info: Model `RGB' extended on input line 1364.
Package xcolor Info: Model `HTML' substituted by `rgb' on input line 1366.
Package xcolor Info: Model `Hsb' substituted by `hsb' on input line 1367.
Package xcolor Info: Model `tHsb' substituted by `hsb' on input line 1368.
Package xcolor Info: Model `HSB' substituted by `hsb' on input line 1369.
Package xcolor Info: Model `Gray' substituted by `gray' on input line 1370.
Package xcolor Info: Model `wave' substituted by `hsb' on input line 1371.
)
("C:\Users\Sergiu\AppData\Local\Programs\MiKTeX 2.9\tex/generic/pgf/basiclayer\
pgfcore.code.tex"
Package: pgfcore 2019/05/09 v3.1.3 (3.1.3)

("C:\Users\Sergiu\AppData\Local\Programs\MiKTeX 2.9\tex/generic/pgf/math\pgfmat
h.code.tex"
("C:\Users\Sergiu\AppData\Local\Programs\MiKTeX 2.9\tex/generic/pgf/math\pgfmat
hcalc.code.tex"
("C:\Users\Sergiu\AppData\Local\Programs\MiKTeX 2.9\tex/generic/pgf/math\pgfmat
hutil.code.tex")
("C:\Users\Sergiu\AppData\Local\Programs\MiKTeX 2.9\tex/generic/pgf/math\pgfmat
hparser.code.tex"
\pgfmath@dimen=\dimen140
\pgfmath@count=\count115
\pgfmath@box=\box36
\pgfmath@toks=\toks23
\pgfmath@stack@operand=\toks24
\pgfmath@stack@operation=\toks25
)
("C:\Users\Sergiu\AppData\Local\Programs\MiKTeX 2.9\tex/generic/pgf/math\pgfmat
hfunctions.code.tex"
("C:\Users\Sergiu\AppData\Local\Programs\MiKTeX 2.9\tex/generic/pgf/math\pgfmat
hfunctions.basic.code.tex")
("C:\Users\Sergiu\AppData\Local\Programs\MiKTeX 2.9\tex/generic/pgf/math\pgfmat
hfunctions.trigonometric.code.tex")
("C:\Users\Sergiu\AppData\Local\Programs\MiKTeX 2.9\tex/generic/pgf/math\pgfmat
hfunctions.random.code.tex")
("C:\Users\Sergiu\AppData\Local\Programs\MiKTeX 2.9\tex/generic/pgf/math\pgfmat
hfunctions.comparison.code.tex")
("C:\Users\Sergiu\AppData\Local\Programs\MiKTeX 2.9\tex/generic/pgf/math\pgfmat
hfunctions.base.code.tex")
("C:\Users\Sergiu\AppData\Local\Programs\MiKTeX 2.9\tex/generic/pgf/math\pgfmat
hfunctions.round.code.tex")
("C:\Users\Sergiu\AppData\Local\Programs\MiKTeX 2.9\tex/generic/pgf/math\pgfmat
hfunctions.misc.code.tex")
("C:\Users\Sergiu\AppData\Local\Programs\MiKTeX 2.9\tex/generic/pgf/math\pgfmat
hfunctions.integerarithmetics.code.tex")))
("C:\Users\Sergiu\AppData\Local\Programs\MiKTeX 2.9\tex/generic/pgf/math\pgfmat
hfloat.code.tex"
\c@pgfmathroundto@lastzeros=\count116
))
("C:\Users\Sergiu\AppData\Local\Programs\MiKTeX 2.9\tex/generic/pgf/math\pgfint
.code.tex")
("C:\Users\Sergiu\AppData\Local\Programs\MiKTeX 2.9\tex/generic/pgf/basiclayer\
pgfcorepoints.code.tex"
File: pgfcorepoints.code.tex 2019/05/09 v3.1.3 (3.1.3)
\pgf@picminx=\dimen141
\pgf@picmaxx=\dimen142
\pgf@picminy=\dimen143
\pgf@picmaxy=\dimen144
\pgf@pathminx=\dimen145
\pgf@pathmaxx=\dimen146
\pgf@pathminy=\dimen147
\pgf@pathmaxy=\dimen148
\pgf@xx=\dimen149
\pgf@xy=\dimen150
\pgf@yx=\dimen151
\pgf@yy=\dimen152
\pgf@zx=\dimen153
\pgf@zy=\dimen154
)
("C:\Users\Sergiu\AppData\Local\Programs\MiKTeX 2.9\tex/generic/pgf/basiclayer\
pgfcorepathconstruct.code.tex"
File: pgfcorepathconstruct.code.tex 2019/05/09 v3.1.3 (3.1.3)
\pgf@path@lastx=\dimen155
\pgf@path@lasty=\dimen156
)
("C:\Users\Sergiu\AppData\Local\Programs\MiKTeX 2.9\tex/generic/pgf/basiclayer\
pgfcorepathusage.code.tex"
File: pgfcorepathusage.code.tex 2019/05/09 v3.1.3 (3.1.3)
\pgf@shorten@end@additional=\dimen157
\pgf@shorten@start@additional=\dimen158
)
("C:\Users\Sergiu\AppData\Local\Programs\MiKTeX 2.9\tex/generic/pgf/basiclayer\
pgfcorescopes.code.tex"
File: pgfcorescopes.code.tex 2019/05/09 v3.1.3 (3.1.3)
\pgfpic=\box37
\pgf@hbox=\box38
\pgf@layerbox@main=\box39
\pgf@picture@serial@count=\count117
)
("C:\Users\Sergiu\AppData\Local\Programs\MiKTeX 2.9\tex/generic/pgf/basiclayer\
pgfcoregraphicstate.code.tex"
File: pgfcoregraphicstate.code.tex 2019/05/09 v3.1.3 (3.1.3)
\pgflinewidth=\dimen159
)
("C:\Users\Sergiu\AppData\Local\Programs\MiKTeX 2.9\tex/generic/pgf/basiclayer\
pgfcoretransformations.code.tex"
File: pgfcoretransformations.code.tex 2019/05/09 v3.1.3 (3.1.3)
\pgf@pt@x=\dimen160
\pgf@pt@y=\dimen161
\pgf@pt@temp=\dimen162
)
("C:\Users\Sergiu\AppData\Local\Programs\MiKTeX 2.9\tex/generic/pgf/basiclayer\
pgfcorequick.code.tex"
File: pgfcorequick.code.tex 2019/05/09 v3.1.3 (3.1.3)
)
("C:\Users\Sergiu\AppData\Local\Programs\MiKTeX 2.9\tex/generic/pgf/basiclayer\
pgfcoreobjects.code.tex"
File: pgfcoreobjects.code.tex 2019/05/09 v3.1.3 (3.1.3)
)
("C:\Users\Sergiu\AppData\Local\Programs\MiKTeX 2.9\tex/generic/pgf/basiclayer\
pgfcorepathprocessing.code.tex"
File: pgfcorepathprocessing.code.tex 2019/05/09 v3.1.3 (3.1.3)
)
("C:\Users\Sergiu\AppData\Local\Programs\MiKTeX 2.9\tex/generic/pgf/basiclayer\
pgfcorearrows.code.tex"
File: pgfcorearrows.code.tex 2019/05/09 v3.1.3 (3.1.3)
\pgfarrowsep=\dimen163
)
("C:\Users\Sergiu\AppData\Local\Programs\MiKTeX 2.9\tex/generic/pgf/basiclayer\
pgfcoreshade.code.tex"
File: pgfcoreshade.code.tex 2019/05/09 v3.1.3 (3.1.3)
\pgf@max=\dimen164
\pgf@sys@shading@range@num=\count118
\pgf@shadingcount=\count119
)
("C:\Users\Sergiu\AppData\Local\Programs\MiKTeX 2.9\tex/generic/pgf/basiclayer\
pgfcoreimage.code.tex"
File: pgfcoreimage.code.tex 2019/05/09 v3.1.3 (3.1.3)

("C:\Users\Sergiu\AppData\Local\Programs\MiKTeX 2.9\tex/generic/pgf/basiclayer\
pgfcoreexternal.code.tex"
File: pgfcoreexternal.code.tex 2019/05/09 v3.1.3 (3.1.3)
\pgfexternal@startupbox=\box40
))
("C:\Users\Sergiu\AppData\Local\Programs\MiKTeX 2.9\tex/generic/pgf/basiclayer\
pgfcorelayers.code.tex"
File: pgfcorelayers.code.tex 2019/05/09 v3.1.3 (3.1.3)
)
("C:\Users\Sergiu\AppData\Local\Programs\MiKTeX 2.9\tex/generic/pgf/basiclayer\
pgfcoretransparency.code.tex"
File: pgfcoretransparency.code.tex 2019/05/09 v3.1.3 (3.1.3)
)
("C:\Users\Sergiu\AppData\Local\Programs\MiKTeX 2.9\tex/generic/pgf/basiclayer\
pgfcorepatterns.code.tex"
File: pgfcorepatterns.code.tex 2019/05/09 v3.1.3 (3.1.3)
)
("C:\Users\Sergiu\AppData\Local\Programs\MiKTeX 2.9\tex/generic/pgf/basiclayer\
pgfcorerdf.code.tex"
File: pgfcorerdf.code.tex 2019/05/09 v3.1.3 (3.1.3)
)))
("C:\Users\Sergiu\AppData\Local\Programs\MiKTeX 2.9\tex/latex/pgf/utilities\xxc
olor.sty"
Package: xxcolor 2003/10/24 ver 0.1
\XC@nummixins=\count120
\XC@countmixins=\count121
)
("C:\Users\Sergiu\AppData\Local\Programs\MiKTeX 2.9\tex/generic/oberdiek\atbegs
hi.sty"
Package: atbegshi 2016/06/09 v1.18 At begin shipout hook (HO)

("C:\Users\Sergiu\AppData\Local\Programs\MiKTeX 2.9\tex/generic/oberdiek\infwar
err.sty"
Package: infwarerr 2016/05/16 v1.4 Providing info/warning/error messages (HO)
)
("C:\Users\Sergiu\AppData\Local\Programs\MiKTeX 2.9\tex/generic/oberdiek\ltxcmd
s.sty"
Package: ltxcmds 2016/05/16 v1.23 LaTeX kernel commands for general use (HO)
))
("C:\Users\Sergiu\AppData\Local\Programs\MiKTeX 2.9\tex/latex/hyperref\hyperref
.sty"
Package: hyperref 2018/11/30 v6.88e Hypertext links for LaTeX

("C:\Users\Sergiu\AppData\Local\Programs\MiKTeX 2.9\tex/generic/oberdiek\hobsub
-hyperref.sty"
Package: hobsub-hyperref 2016/05/16 v1.14 Bundle oberdiek, subset hyperref (HO)


("C:\Users\Sergiu\AppData\Local\Programs\MiKTeX 2.9\tex/generic/oberdiek\hobsub
-generic.sty"
Package: hobsub-generic 2016/05/16 v1.14 Bundle oberdiek, subset generic (HO)
Package: hobsub 2016/05/16 v1.14 Construct package bundles (HO)
Package hobsub Info: Skipping package `infwarerr' (already loaded).
Package hobsub Info: Skipping package `ltxcmds' (already loaded).
Package: ifluatex 2016/05/16 v1.4 Provides the ifluatex switch (HO)
Package ifluatex Info: LuaTeX not detected.
Package hobsub Info: Skipping package `ifvtex' (already loaded).
Package: intcalc 2016/05/16 v1.2 Expandable calculations with integers (HO)
Package hobsub Info: Skipping package `ifpdf' (already loaded).
Package: etexcmds 2016/05/16 v1.6 Avoid name clashes with e-TeX commands (HO)
Package: kvsetkeys 2016/05/16 v1.17 Key value parser (HO)
Package: kvdefinekeys 2016/05/16 v1.4 Define keys (HO)
Package: pdftexcmds 2018/09/10 v0.29 Utility functions of pdfTeX for LuaTeX (HO
)
Package pdftexcmds Info: LuaTeX not detected.
Package pdftexcmds Info: \pdf@primitive is available.
Package pdftexcmds Info: \pdf@ifprimitive is available.
Package pdftexcmds Info: \pdfdraftmode found.
Package: pdfescape 2016/05/16 v1.14 Implements pdfTeX's escape features (HO)
Package: bigintcalc 2016/05/16 v1.4 Expandable calculations on big integers (HO
)
Package: bitset 2016/05/16 v1.2 Handle bit-vector datatype (HO)
Package: uniquecounter 2016/05/16 v1.3 Provide unlimited unique counter (HO)
)
Package hobsub Info: Skipping package `hobsub' (already loaded).
Package: letltxmacro 2016/05/16 v1.5 Let assignment for LaTeX macros (HO)
Package: hopatch 2016/05/16 v1.3 Wrapper for package hooks (HO)
Package: xcolor-patch 2016/05/16 xcolor patch
Package: atveryend 2016/05/16 v1.9 Hooks at the very end of document (HO)
Package hobsub Info: Skipping package `atbegshi' (already loaded).
Package: refcount 2016/05/16 v3.5 Data extraction from label references (HO)
Package: hycolor 2016/05/16 v1.8 Color options for hyperref/bookmark (HO)
)
("C:\Users\Sergiu\AppData\Local\Programs\MiKTeX 2.9\tex/latex/oberdiek\auxhook.
sty"
Package: auxhook 2016/05/16 v1.4 Hooks for auxiliary files (HO)
)
("C:\Users\Sergiu\AppData\Local\Programs\MiKTeX 2.9\tex/latex/oberdiek\kvoption
s.sty"
Package: kvoptions 2016/05/16 v3.12 Key value format for package options (HO)
)
\@linkdim=\dimen165
\Hy@linkcounter=\count122
\Hy@pagecounter=\count123

("C:\Users\Sergiu\AppData\Local\Programs\MiKTeX 2.9\tex/latex/hyperref\pd1enc.d
ef"
File: pd1enc.def 2018/11/30 v6.88e Hyperref: PDFDocEncoding definition (HO)
Now handling font encoding PD1 ...
... no UTF-8 mapping file for font encoding PD1
)
\Hy@SavedSpaceFactor=\count124

("C:\Users\Sergiu\AppData\Local\Programs\MiKTeX 2.9\tex/latex/00miktex\hyperref
.cfg"
File: hyperref.cfg 2002/06/06 v1.2 hyperref configuration of TeXLive
)
Package hyperref Info: Option `bookmarks' set `true' on input line 4393.
Package hyperref Info: Option `bookmarksopen' set `true' on input line 4393.
Package hyperref Info: Option `implicit' set `false' on input line 4393.
Package hyperref Info: Hyper figures OFF on input line 4519.
Package hyperref Info: Link nesting OFF on input line 4524.
Package hyperref Info: Hyper index ON on input line 4527.
Package hyperref Info: Plain pages OFF on input line 4534.
Package hyperref Info: Backreferencing OFF on input line 4539.
Package hyperref Info: Implicit mode OFF; no redefinition of LaTeX internals.
Package hyperref Info: Bookmarks ON on input line 4772.
\c@Hy@tempcnt=\count125
 ("C:\Users\Sergiu\AppData\Local\Programs\MiKTeX 2.9\tex/latex/url\url.sty"
\Urlmuskip=\muskip10
Package: url 2013/09/16  ver 3.4  Verb mode for urls, etc.
)
LaTeX Info: Redefining \url on input line 5125.
\XeTeXLinkMargin=\dimen166
\Fld@menulength=\count126
\Field@Width=\dimen167
\Fld@charsize=\dimen168
Package hyperref Info: Hyper figures OFF on input line 6380.
Package hyperref Info: Link nesting OFF on input line 6385.
Package hyperref Info: Hyper index ON on input line 6388.
Package hyperref Info: backreferencing OFF on input line 6395.
Package hyperref Info: Link coloring OFF on input line 6400.
Package hyperref Info: Link coloring with OCG OFF on input line 6405.
Package hyperref Info: PDF/A mode OFF on input line 6410.
LaTeX Info: Redefining \ref on input line 6450.
LaTeX Info: Redefining \pageref on input line 6454.
\Hy@abspage=\count127


Package hyperref Message: Stopped early.

)
Package hyperref Info: Driver (autodetected): hpdftex.

("C:\Users\Sergiu\AppData\Local\Programs\MiKTeX 2.9\tex/latex/hyperref\hpdftex.
def"
File: hpdftex.def 2018/11/30 v6.88e Hyperref driver for pdfTeX
\Fld@listcount=\count128
\c@bookmark@seq@number=\count129

("C:\Users\Sergiu\AppData\Local\Programs\MiKTeX 2.9\tex/latex/oberdiek\rerunfil
echeck.sty"
Package: rerunfilecheck 2016/05/16 v1.8 Rerun checks for auxiliary files (HO)
Package uniquecounter Info: New unique counter `rerunfilecheck' on input line 2
82.
))
("C:\Users\Sergiu\AppData\Local\Programs\MiKTeX 2.9\tex/latex/beamer\beamerbase
requires.sty"
("C:\Users\Sergiu\AppData\Local\Programs\MiKTeX 2.9\tex/latex/beamer\beamerbase
compatibility.sty")
("C:\Users\Sergiu\AppData\Local\Programs\MiKTeX 2.9\tex/latex/beamer\beamerbase
font.sty"
("C:\Users\Sergiu\AppData\Local\Programs\MiKTeX 2.9\tex/latex/amsfonts\amssymb.
sty"
Package: amssymb 2013/01/14 v3.01 AMS font symbols

("C:\Users\Sergiu\AppData\Local\Programs\MiKTeX 2.9\tex/latex/amsfonts\amsfonts
.sty"
Package: amsfonts 2013/01/14 v3.01 Basic AMSFonts support
\@emptytoks=\toks26
\symAMSa=\mathgroup4
\symAMSb=\mathgroup5
LaTeX Font Info:    Overwriting math alphabet `\mathfrak' in version `bold'
(Font)                  U/euf/m/n --> U/euf/b/n on input line 106.
))
("C:\Users\Sergiu\AppData\Local\Programs\MiKTeX 2.9\tex/latex/sansmathaccent\sa
nsmathaccent.sty"
Package: sansmathaccent 2013/03/28

("C:\Users\Sergiu\AppData\Local\Programs\MiKTeX 2.9\tex/latex/filehook\filehook
.sty"
Package: filehook 2011/10/12 v0.5d Hooks for input files
)))
("C:\Users\Sergiu\AppData\Local\Programs\MiKTeX 2.9\tex/latex/beamer\beamerbase
translator.sty"
("C:\Users\Sergiu\AppData\Local\Programs\MiKTeX 2.9\tex/latex/translator\transl
ator.sty"
Package: translator 2019-05-31 v1.12a Easy translation of strings in LaTeX
))
("C:\Users\Sergiu\AppData\Local\Programs\MiKTeX 2.9\tex/latex/beamer\beamerbase
misc.sty")
("C:\Users\Sergiu\AppData\Local\Programs\MiKTeX 2.9\tex/latex/beamer\beamerbase
twoscreens.sty")
("C:\Users\Sergiu\AppData\Local\Programs\MiKTeX 2.9\tex/latex/beamer\beamerbase
overlay.sty"
\beamer@argscount=\count130
\beamer@lastskipcover=\skip44
\beamer@trivlistdepth=\count131
)
("C:\Users\Sergiu\AppData\Local\Programs\MiKTeX 2.9\tex/latex/beamer\beamerbase
title.sty")
("C:\Users\Sergiu\AppData\Local\Programs\MiKTeX 2.9\tex/latex/beamer\beamerbase
section.sty"
\c@lecture=\count132
\c@part=\count133
\c@section=\count134
\c@subsection=\count135
\c@subsubsection=\count136
)
("C:\Users\Sergiu\AppData\Local\Programs\MiKTeX 2.9\tex/latex/beamer\beamerbase
frame.sty"
\beamer@framebox=\box41
\beamer@frametitlebox=\box42
\beamer@zoombox=\box43
\beamer@zoomcount=\count137
\beamer@zoomframecount=\count138
\beamer@frametextheight=\dimen169
\c@subsectionslide=\count139
\beamer@frametopskip=\skip45
\beamer@framebottomskip=\skip46
\beamer@frametopskipautobreak=\skip47
\beamer@framebottomskipautobreak=\skip48
\beamer@envbody=\toks27
\framewidth=\dimen170
\c@framenumber=\count140
)
("C:\Users\Sergiu\AppData\Local\Programs\MiKTeX 2.9\tex/latex/beamer\beamerbase
verbatim.sty"
\beamer@verbatimfileout=\write4
)
("C:\Users\Sergiu\AppData\Local\Programs\MiKTeX 2.9\tex/latex/beamer\beamerbase
framesize.sty"
\beamer@splitbox=\box44
\beamer@autobreakcount=\count141
\beamer@autobreaklastheight=\dimen171
\beamer@frametitletoks=\toks28
\beamer@framesubtitletoks=\toks29
)
("C:\Users\Sergiu\AppData\Local\Programs\MiKTeX 2.9\tex/latex/beamer\beamerbase
framecomponents.sty"
\beamer@footins=\box45
)
("C:\Users\Sergiu\AppData\Local\Programs\MiKTeX 2.9\tex/latex/beamer\beamerbase
color.sty")
("C:\Users\Sergiu\AppData\Local\Programs\MiKTeX 2.9\tex/latex/beamer\beamerbase
notes.sty"
\beamer@frameboxcopy=\box46
)
("C:\Users\Sergiu\AppData\Local\Programs\MiKTeX 2.9\tex/latex/beamer\beamerbase
toc.sty")
("C:\Users\Sergiu\AppData\Local\Programs\MiKTeX 2.9\tex/latex/beamer\beamerbase
templates.sty"
\beamer@sbttoks=\toks30

("C:\Users\Sergiu\AppData\Local\Programs\MiKTeX 2.9\tex/latex/beamer\beamerbase
auxtemplates.sty"
("C:\Users\Sergiu\AppData\Local\Programs\MiKTeX 2.9\tex/latex/beamer\beamerbase
boxes.sty"
\bmb@box=\box47
\bmb@colorbox=\box48
\bmb@boxshadow=\box49
\bmb@boxshadowball=\box50
\bmb@boxshadowballlarge=\box51
\bmb@temp=\dimen172
\bmb@dima=\dimen173
\bmb@dimb=\dimen174
\bmb@prevheight=\dimen175
)
\beamer@blockheadheight=\dimen176
))
("C:\Users\Sergiu\AppData\Local\Programs\MiKTeX 2.9\tex/latex/beamer\beamerbase
localstructure.sty"
("C:\Users\Sergiu\AppData\Local\Programs\MiKTeX 2.9\tex/latex/tools\enumerate.s
ty"
Package: enumerate 2015/07/23 v3.00 enumerate extensions (DPC)
\@enLab=\toks31
)
\c@figure=\count142
\c@table=\count143
\abovecaptionskip=\skip49
\belowcaptionskip=\skip50
)
("C:\Users\Sergiu\AppData\Local\Programs\MiKTeX 2.9\tex/latex/beamer\beamerbase
navigation.sty"
\beamer@section@min@dim=\dimen177
)
("C:\Users\Sergiu\AppData\Local\Programs\MiKTeX 2.9\tex/latex/beamer\beamerbase
theorems.sty"
("C:\Users\Sergiu\AppData\Local\Programs\MiKTeX 2.9\tex/latex/amsmath\amsmath.s
ty"
Package: amsmath 2018/12/01 v2.17b AMS math features
\@mathmargin=\skip51

For additional information on amsmath, use the `?' option.

("C:\Users\Sergiu\AppData\Local\Programs\MiKTeX 2.9\tex/latex/amsmath\amstext.s
ty"
Package: amstext 2000/06/29 v2.01 AMS text

("C:\Users\Sergiu\AppData\Local\Programs\MiKTeX 2.9\tex/latex/amsmath\amsgen.st
y"
File: amsgen.sty 1999/11/30 v2.0 generic functions
\@emptytoks=\toks32
\ex@=\dimen178
))
("C:\Users\Sergiu\AppData\Local\Programs\MiKTeX 2.9\tex/latex/amsmath\amsbsy.st
y"
Package: amsbsy 1999/11/29 v1.2d Bold Symbols
\pmbraise@=\dimen179
)
("C:\Users\Sergiu\AppData\Local\Programs\MiKTeX 2.9\tex/latex/amsmath\amsopn.st
y"
Package: amsopn 2016/03/08 v2.02 operator names
)
\inf@bad=\count144
LaTeX Info: Redefining \frac on input line 223.
\uproot@=\count145
\leftroot@=\count146
LaTeX Info: Redefining \overline on input line 385.
\classnum@=\count147
\DOTSCASE@=\count148
LaTeX Info: Redefining \ldots on input line 482.
LaTeX Info: Redefining \dots on input line 485.
LaTeX Info: Redefining \cdots on input line 606.
\Mathstrutbox@=\box52
\strutbox@=\box53
\big@size=\dimen180
LaTeX Font Info:    Redeclaring font encoding OML on input line 729.
LaTeX Font Info:    Redeclaring font encoding OMS on input line 730.
\macc@depth=\count149
\c@MaxMatrixCols=\count150
\dotsspace@=\muskip11
\c@parentequation=\count151
\dspbrk@lvl=\count152
\tag@help=\toks33
\row@=\count153
\column@=\count154
\maxfields@=\count155
\andhelp@=\toks34
\eqnshift@=\dimen181
\alignsep@=\dimen182
\tagshift@=\dimen183
\tagwidth@=\dimen184
\totwidth@=\dimen185
\lineht@=\dimen186
\@envbody=\toks35
\multlinegap=\skip52
\multlinetaggap=\skip53
\mathdisplay@stack=\toks36
LaTeX Info: Redefining \[ on input line 2844.
LaTeX Info: Redefining \] on input line 2845.
)
("C:\Users\Sergiu\AppData\Local\Programs\MiKTeX 2.9\tex/latex/amscls\amsthm.sty
"
Package: amsthm 2017/10/31 v2.20.4
\thm@style=\toks37
\thm@bodyfont=\toks38
\thm@headfont=\toks39
\thm@notefont=\toks40
\thm@headpunct=\toks41
\thm@preskip=\skip54
\thm@postskip=\skip55
\thm@headsep=\skip56
\dth@everypar=\toks42
)
\c@theorem=\count156
)
("C:\Users\Sergiu\AppData\Local\Programs\MiKTeX 2.9\tex/latex/beamer\beamerbase
themes.sty"))
("C:\Users\Sergiu\AppData\Local\Programs\MiKTeX 2.9\tex/latex/beamer\beamerthem
edefault.sty"
("C:\Users\Sergiu\AppData\Local\Programs\MiKTeX 2.9\tex/latex/beamer\beamerfont
themedefault.sty")
("C:\Users\Sergiu\AppData\Local\Programs\MiKTeX 2.9\tex/latex/beamer\beamercolo
rthemedefault.sty")
("C:\Users\Sergiu\AppData\Local\Programs\MiKTeX 2.9\tex/latex/beamer\beamerinne
rthemedefault.sty"
\beamer@dima=\dimen187
\beamer@dimb=\dimen188
)
("C:\Users\Sergiu\AppData\Local\Programs\MiKTeX 2.9\tex/latex/beamer\beameroute
rthemedefault.sty")))
("C:\Users\Sergiu\AppData\Local\Programs\MiKTeX 2.9\tex/latex/base\inputenc.sty
"
Package: inputenc 2018/08/11 v1.3c Input encoding file
\inpenc@prehook=\toks43
\inpenc@posthook=\toks44
)
("C:\Users\Sergiu\AppData\Local\Programs\MiKTeX 2.9\tex/latex/psnfss\palatino.s
ty"
Package: palatino 2005/04/12 PSNFSS-v9.2a (SPQR) 
)
("C:\Users\Sergiu\AppData\Local\Programs\MiKTeX 2.9\tex/latex/colortbl\colortbl
.sty"
Package: colortbl 2018/12/12 v1.0d Color table columns (DPC)

("C:\Users\Sergiu\AppData\Local\Programs\MiKTeX 2.9\tex/latex/tools\array.sty"
Package: array 2018/12/30 v2.4k Tabular extension package (FMi)
\col@sep=\dimen189
\ar@mcellbox=\box54
\extrarowheight=\dimen190
\NC@list=\toks45
\extratabsurround=\skip57
\backup@length=\skip58
\ar@cellbox=\box55
)
\everycr=\toks46
\minrowclearance=\skip59
)
("C:\Users\Sergiu\AppData\Local\Programs\MiKTeX 2.9\tex/latex/pgf/frontendlayer
\tikz.sty"
("C:\Users\Sergiu\AppData\Local\Programs\MiKTeX 2.9\tex/latex/pgf/basiclayer\pg
f.sty"
Package: pgf 2019/05/09 v3.1.3 (3.1.3)

("C:\Users\Sergiu\AppData\Local\Programs\MiKTeX 2.9\tex/generic/pgf/modules\pgf
moduleshapes.code.tex"
File: pgfmoduleshapes.code.tex 2019/05/09 v3.1.3 (3.1.3)
\pgfnodeparttextbox=\box56
)
("C:\Users\Sergiu\AppData\Local\Programs\MiKTeX 2.9\tex/generic/pgf/modules\pgf
moduleplot.code.tex"
File: pgfmoduleplot.code.tex 2019/05/09 v3.1.3 (3.1.3)
)
("C:\Users\Sergiu\AppData\Local\Programs\MiKTeX 2.9\tex/latex/pgf/compatibility
\pgfcomp-version-0-65.sty"
Package: pgfcomp-version-0-65 2019/05/09 v3.1.3 (3.1.3)
\pgf@nodesepstart=\dimen191
\pgf@nodesepend=\dimen192
)
("C:\Users\Sergiu\AppData\Local\Programs\MiKTeX 2.9\tex/latex/pgf/compatibility
\pgfcomp-version-1-18.sty"
Package: pgfcomp-version-1-18 2019/05/09 v3.1.3 (3.1.3)
))
("C:\Users\Sergiu\AppData\Local\Programs\MiKTeX 2.9\tex/latex/pgf/utilities\pgf
for.sty"
("C:\Users\Sergiu\AppData\Local\Programs\MiKTeX 2.9\tex/latex/pgf/utilities\pgf
keys.sty"
("C:\Users\Sergiu\AppData\Local\Programs\MiKTeX 2.9\tex/generic/pgf/utilities\p
gfkeys.code.tex"))
("C:\Users\Sergiu\AppData\Local\Programs\MiKTeX 2.9\tex/latex/pgf/math\pgfmath.
sty"
("C:\Users\Sergiu\AppData\Local\Programs\MiKTeX 2.9\tex/generic/pgf/math\pgfmat
h.code.tex"))
("C:\Users\Sergiu\AppData\Local\Programs\MiKTeX 2.9\tex/generic/pgf/utilities\p
gffor.code.tex"
Package: pgffor 2019/05/09 v3.1.3 (3.1.3)

("C:\Users\Sergiu\AppData\Local\Programs\MiKTeX 2.9\tex/generic/pgf/math\pgfmat
h.code.tex")
\pgffor@iter=\dimen193
\pgffor@skip=\dimen194
\pgffor@stack=\toks47
\pgffor@toks=\toks48
))
("C:\Users\Sergiu\AppData\Local\Programs\MiKTeX 2.9\tex/generic/pgf/frontendlay
er/tikz\tikz.code.tex"
Package: tikz 2019/05/09 v3.1.3 (3.1.3)

("C:\Users\Sergiu\AppData\Local\Programs\MiKTeX 2.9\tex/generic/pgf/libraries\p
gflibraryplothandlers.code.tex"
File: pgflibraryplothandlers.code.tex 2019/05/09 v3.1.3 (3.1.3)
\pgf@plot@mark@count=\count157
\pgfplotmarksize=\dimen195
)
\tikz@lastx=\dimen196
\tikz@lasty=\dimen197
\tikz@lastxsaved=\dimen198
\tikz@lastysaved=\dimen199
\tikzleveldistance=\dimen256
\tikzsiblingdistance=\dimen257
\tikz@figbox=\box57
\tikz@figbox@bg=\box58
\tikz@tempbox=\box59
\tikz@tempbox@bg=\box60
\tikztreelevel=\count158
\tikznumberofchildren=\count159
\tikznumberofcurrentchild=\count160
\tikz@fig@count=\count161

("C:\Users\Sergiu\AppData\Local\Programs\MiKTeX 2.9\tex/generic/pgf/modules\pgf
modulematrix.code.tex"
File: pgfmodulematrix.code.tex 2019/05/09 v3.1.3 (3.1.3)
\pgfmatrixcurrentrow=\count162
\pgfmatrixcurrentcolumn=\count163
\pgf@matrix@numberofcolumns=\count164
)
\tikz@expandcount=\count165

("C:\Users\Sergiu\AppData\Local\Programs\MiKTeX 2.9\tex/generic/pgf/frontendlay
er/tikz/libraries\tikzlibrarytopaths.code.tex"
File: tikzlibrarytopaths.code.tex 2019/05/09 v3.1.3 (3.1.3)
)))
("C:\Users\Sergiu\AppData\Local\Programs\MiKTeX 2.9\tex/generic/pgf/frontendlay
er/tikz/libraries\tikzlibraryshapes.code.tex"
File: tikzlibraryshapes.code.tex 2019/05/09 v3.1.3 (3.1.3)

("C:\Users\Sergiu\AppData\Local\Programs\MiKTeX 2.9\tex/generic/pgf/frontendlay
er/tikz/libraries\tikzlibraryshapes.geometric.code.tex"
File: tikzlibraryshapes.geometric.code.tex 2019/05/09 v3.1.3 (3.1.3)

("C:\Users\Sergiu\AppData\Local\Programs\MiKTeX 2.9\tex/generic/pgf/libraries/s
hapes\pgflibraryshapes.geometric.code.tex"
File: pgflibraryshapes.geometric.code.tex 2019/05/09 v3.1.3 (3.1.3)
))
("C:\Users\Sergiu\AppData\Local\Programs\MiKTeX 2.9\tex/generic/pgf/frontendlay
er/tikz/libraries\tikzlibraryshapes.misc.code.tex"
File: tikzlibraryshapes.misc.code.tex 2019/05/09 v3.1.3 (3.1.3)

("C:\Users\Sergiu\AppData\Local\Programs\MiKTeX 2.9\tex/generic/pgf/libraries/s
hapes\pgflibraryshapes.misc.code.tex"
File: pgflibraryshapes.misc.code.tex 2019/05/09 v3.1.3 (3.1.3)
))
("C:\Users\Sergiu\AppData\Local\Programs\MiKTeX 2.9\tex/generic/pgf/frontendlay
er/tikz/libraries\tikzlibraryshapes.symbols.code.tex"
File: tikzlibraryshapes.symbols.code.tex 2019/05/09 v3.1.3 (3.1.3)

("C:\Users\Sergiu\AppData\Local\Programs\MiKTeX 2.9\tex/generic/pgf/libraries/s
hapes\pgflibraryshapes.symbols.code.tex"
File: pgflibraryshapes.symbols.code.tex 2019/05/09 v3.1.3 (3.1.3)
))
("C:\Users\Sergiu\AppData\Local\Programs\MiKTeX 2.9\tex/generic/pgf/frontendlay
er/tikz/libraries\tikzlibraryshapes.arrows.code.tex"
File: tikzlibraryshapes.arrows.code.tex 2019/05/09 v3.1.3 (3.1.3)

("C:\Users\Sergiu\AppData\Local\Programs\MiKTeX 2.9\tex/generic/pgf/libraries/s
hapes\pgflibraryshapes.arrows.code.tex"
File: pgflibraryshapes.arrows.code.tex 2019/05/09 v3.1.3 (3.1.3)
))
("C:\Users\Sergiu\AppData\Local\Programs\MiKTeX 2.9\tex/generic/pgf/frontendlay
er/tikz/libraries\tikzlibraryshapes.callouts.code.tex"
("C:\Users\Sergiu\AppData\Local\Programs\MiKTeX 2.9\tex/generic/pgf/libraries/s
hapes\pgflibraryshapes.callouts.code.tex"))
("C:\Users\Sergiu\AppData\Local\Programs\MiKTeX 2.9\tex/generic/pgf/frontendlay
er/tikz/libraries\tikzlibraryshapes.multipart.code.tex"
File: tikzlibraryshapes.multipart.code.tex 2019/05/09 v3.1.3 (3.1.3)

("C:\Users\Sergiu\AppData\Local\Programs\MiKTeX 2.9\tex/generic/pgf/libraries/s
hapes\pgflibraryshapes.multipart.code.tex"
File: pgflibraryshapes.multipart.code.tex 2019/05/09 v3.1.3 (3.1.3)
\pgfnodepartlowerbox=\box61
\pgfnodeparttwobox=\box62
\pgfnodepartthreebox=\box63
\pgfnodepartfourbox=\box64
\pgfnodeparttwentybox=\box65
\pgfnodepartnineteenbox=\box66
\pgfnodeparteighteenbox=\box67
\pgfnodepartseventeenbox=\box68
\pgfnodepartsixteenbox=\box69
\pgfnodepartfifteenbox=\box70
\pgfnodepartfourteenbox=\box71
\pgfnodepartthirteenbox=\box72
\pgfnodeparttwelvebox=\box73
\pgfnodepartelevenbox=\box74
\pgfnodeparttenbox=\box75
\pgfnodepartninebox=\box76
\pgfnodeparteightbox=\box77
\pgfnodepartsevenbox=\box78
\pgfnodepartsixbox=\box79
\pgfnodepartfivebox=\box80
)))
("C:\Users\Sergiu\AppData\Local\Programs\MiKTeX 2.9\tex/generic/pgf/frontendlay
er/tikz/libraries\tikzlibraryarrows.code.tex"
File: tikzlibraryarrows.code.tex 2019/05/09 v3.1.3 (3.1.3)

("C:\Users\Sergiu\AppData\Local\Programs\MiKTeX 2.9\tex/generic/pgf/libraries\p
gflibraryarrows.code.tex"
File: pgflibraryarrows.code.tex 2019/05/09 v3.1.3 (3.1.3)
\arrowsize=\dimen258
))
("C:\Users\Sergiu\AppData\Local\Programs\MiKTeX 2.9\tex/generic/pgf/frontendlay
er/tikz/libraries\tikzlibrarymindmap.code.tex"
File: tikzlibrarymindmap.code.tex 2019/05/09 v3.1.3 (3.1.3)

("C:\Users\Sergiu\AppData\Local\Programs\MiKTeX 2.9\tex/generic/pgf/frontendlay
er/tikz/libraries\tikzlibrarytrees.code.tex"
File: tikzlibrarytrees.code.tex 2019/05/09 v3.1.3 (3.1.3)
)
("C:\Users\Sergiu\AppData\Local\Programs\MiKTeX 2.9\tex/generic/pgf/frontendlay
er/tikz/libraries\tikzlibrarydecorations.code.tex"
("C:\Users\Sergiu\AppData\Local\Programs\MiKTeX 2.9\tex/generic/pgf/modules\pgf
moduledecorations.code.tex"
\pgfdecoratedcompleteddistance=\dimen259
\pgfdecoratedremainingdistance=\dimen260
\pgfdecoratedinputsegmentcompleteddistance=\dimen261
\pgfdecoratedinputsegmentremainingdistance=\dimen262
\pgf@decorate@distancetomove=\dimen263
\pgf@decorate@repeatstate=\count166
\pgfdecorationsegmentamplitude=\dimen264
\pgfdecorationsegmentlength=\dimen265
)
\tikz@lib@dec@box=\box81
))
("C:\Users\Sergiu\AppData\Local\Programs\MiKTeX 2.9\tex/generic/pgf/frontendlay
er/tikz/libraries\tikzlibrarycalc.code.tex"
File: tikzlibrarycalc.code.tex 2019/05/09 v3.1.3 (3.1.3)
)
("C:\Users\Sergiu\AppData\Local\Programs\MiKTeX 2.9\tex/latex/pgfplots\pgfplots
.sty"
("C:\Users\Sergiu\AppData\Local\Programs\MiKTeX 2.9\tex/generic/pgfplots\pgfplo
ts.revision.tex")
Package: pgfplots 2018/03/28 v1.16 Data Visualization (1.16)

("C:\Users\Sergiu\AppData\Local\Programs\MiKTeX 2.9\tex/generic/pgfplots\pgfplo
ts.code.tex"
("C:\Users\Sergiu\AppData\Local\Programs\MiKTeX 2.9\tex/generic/pgfplots\pgfplo
tscore.code.tex"
\t@pgfplots@toka=\toks49
\t@pgfplots@tokb=\toks50
\t@pgfplots@tokc=\toks51
\pgfplots@tmpa=\dimen266
\c@pgfplots@coordindex=\count167
\c@pgfplots@scanlineindex=\count168

("C:\Users\Sergiu\AppData\Local\Programs\MiKTeX 2.9\tex/generic/pgfplots/sys\pg
fplotssysgeneric.code.tex"))
("C:\Users\Sergiu\AppData\Local\Programs\MiKTeX 2.9\tex/generic/pgfplots/libs\p
gfplotslibrary.code.tex")
("C:\Users\Sergiu\AppData\Local\Programs\MiKTeX 2.9\tex/generic/pgfplots/oldpgf
compatib\pgfplotsoldpgfsupp_loader.code.tex"
("C:\Users\Sergiu\AppData\Local\Programs\MiKTeX 2.9\tex/generic/pgf/libraries\p
gflibraryfpu.code.tex")
Package pgfplots: loading complementary arithmetics for your pgf version...

("C:\Users\Sergiu\AppData\Local\Programs\MiKTeX 2.9\tex/generic/pgfplots/oldpgf
compatib\pgfplotsoldpgfsupp_pgflibraryfpu.code.tex")
("C:\Users\Sergiu\AppData\Local\Programs\MiKTeX 2.9\tex/generic/pgfplots/oldpgf
compatib\pgfplotsoldpgfsupp_pgfmathfloat.code.tex"
\c@pgfmathroundto@lastzeros=\count169
))
("C:\Users\Sergiu\AppData\Local\Programs\MiKTeX 2.9\tex/generic/pgfplots/util\p
gfplotsutil.code.tex"
("C:\Users\Sergiu\AppData\Local\Programs\MiKTeX 2.9\tex/generic/pgfplots/listst
ructure\pgfplotsliststructure.code.tex")
("C:\Users\Sergiu\AppData\Local\Programs\MiKTeX 2.9\tex/generic/pgfplots/listst
ructure\pgfplotsliststructureext.code.tex")
("C:\Users\Sergiu\AppData\Local\Programs\MiKTeX 2.9\tex/generic/pgfplots/listst
ructure\pgfplotsarray.code.tex"
\c@pgfplotsarray@tmp=\count170
)
("C:\Users\Sergiu\AppData\Local\Programs\MiKTeX 2.9\tex/generic/pgfplots/listst
ructure\pgfplotsmatrix.code.tex")
("C:\Users\Sergiu\AppData\Local\Programs\MiKTeX 2.9\tex/generic/pgfplots/numtab
le\pgfplotstableshared.code.tex"
\c@pgfplotstable@counta=\count171
\t@pgfplotstable@a=\toks52
)
("C:\Users\Sergiu\AppData\Local\Programs\MiKTeX 2.9\tex/generic/pgfplots/listst
ructure\pgfplotsdeque.code.tex")
("C:\Users\Sergiu\AppData\Local\Programs\MiKTeX 2.9\tex/generic/pgfplots/util\p
gfplotsbinary.code.tex"
("C:\Users\Sergiu\AppData\Local\Programs\MiKTeX 2.9\tex/generic/pgfplots/util\p
gfplotsbinary.data.code.tex"))
("C:\Users\Sergiu\AppData\Local\Programs\MiKTeX 2.9\tex/generic/pgfplots/util\p
gfplotsutil.verb.code.tex")
("C:\Users\Sergiu\AppData\Local\Programs\MiKTeX 2.9\tex/generic/pgfplots/libs\p
gflibrarypgfplots.surfshading.code.tex"
\c@pgfplotslibrarysurf@no=\count172

("C:\Users\Sergiu\AppData\Local\Programs\MiKTeX 2.9\tex/generic/pgfplots/sys\pg
flibrarypgfplots.surfshading.pgfsys-pdftex.def")))
("C:\Users\Sergiu\AppData\Local\Programs\MiKTeX 2.9\tex/generic/pgfplots/util\p
gfplotscolormap.code.tex"
("C:\Users\Sergiu\AppData\Local\Programs\MiKTeX 2.9\tex/generic/pgfplots/util\p
gfplotscolor.code.tex"))
("C:\Users\Sergiu\AppData\Local\Programs\MiKTeX 2.9\tex/generic/pgfplots\pgfplo
tsstackedplots.code.tex")
("C:\Users\Sergiu\AppData\Local\Programs\MiKTeX 2.9\tex/generic/pgfplots\pgfplo
tsplothandlers.code.tex"
("C:\Users\Sergiu\AppData\Local\Programs\MiKTeX 2.9\tex/generic/pgfplots\pgfplo
tsmeshplothandler.code.tex"
("C:\Users\Sergiu\AppData\Local\Programs\MiKTeX 2.9\tex/generic/pgfplots\pgfplo
tsmeshplotimage.code.tex")))
("C:\Users\Sergiu\AppData\Local\Programs\MiKTeX 2.9\tex/generic/pgfplots\pgfplo
ts.scaling.code.tex")
("C:\Users\Sergiu\AppData\Local\Programs\MiKTeX 2.9\tex/generic/pgfplots\pgfplo
tscoordprocessing.code.tex")
("C:\Users\Sergiu\AppData\Local\Programs\MiKTeX 2.9\tex/generic/pgfplots\pgfplo
ts.errorbars.code.tex")
("C:\Users\Sergiu\AppData\Local\Programs\MiKTeX 2.9\tex/generic/pgfplots\pgfplo
ts.markers.code.tex")
("C:\Users\Sergiu\AppData\Local\Programs\MiKTeX 2.9\tex/generic/pgfplots\pgfplo
tsticks.code.tex")
("C:\Users\Sergiu\AppData\Local\Programs\MiKTeX 2.9\tex/generic/pgfplots\pgfplo
ts.paths.code.tex")
("C:\Users\Sergiu\AppData\Local\Programs\MiKTeX 2.9\tex/generic/pgf/frontendlay
er/tikz/libraries\tikzlibrarydecorations.pathmorphing.code.tex"
("C:\Users\Sergiu\AppData\Local\Programs\MiKTeX 2.9\tex/generic/pgf/libraries/d
ecorations\pgflibrarydecorations.pathmorphing.code.tex"))
("C:\Users\Sergiu\AppData\Local\Programs\MiKTeX 2.9\tex/generic/pgf/frontendlay
er/tikz/libraries\tikzlibrarydecorations.pathreplacing.code.tex"
("C:\Users\Sergiu\AppData\Local\Programs\MiKTeX 2.9\tex/generic/pgf/libraries/d
ecorations\pgflibrarydecorations.pathreplacing.code.tex"))
\pgfplots@numplots=\count173
\pgfplots@xmin@reg=\dimen267
\pgfplots@xmax@reg=\dimen268
\pgfplots@ymin@reg=\dimen269
\pgfplots@ymax@reg=\dimen270
\pgfplots@zmin@reg=\dimen271
\pgfplots@zmax@reg=\dimen272
)
("C:\Users\Sergiu\AppData\Local\Programs\MiKTeX 2.9\tex/generic/pgf/frontendlay
er/tikz/libraries\tikzlibraryplotmarks.code.tex"
File: tikzlibraryplotmarks.code.tex 2019/05/09 v3.1.3 (3.1.3)

("C:\Users\Sergiu\AppData\Local\Programs\MiKTeX 2.9\tex/generic/pgf/libraries\p
gflibraryplotmarks.code.tex"
File: pgflibraryplotmarks.code.tex 2019/05/09 v3.1.3 (3.1.3)
)))
\figureheight=\skip60
\figurewidth=\skip61

("C:\Users\Sergiu\AppData\Local\Programs\MiKTeX 2.9\tex/latex/base\ifthen.sty"
Package: ifthen 2014/09/29 v1.1c Standard LaTeX ifthen package (DPC)
)
("C:\Users\Sergiu\AppData\Local\Programs\MiKTeX 2.9\tex/latex/eurosym\eurosym.s
ty"
Package: eurosym 1998/08/06 v1.1 European currency symbol ``Euro''
\@eurobox=\box82
)
("C:\Users\Sergiu\AppData\Local\Programs\MiKTeX 2.9\tex/latex/wasysym\wasysym.s
ty"
Package: wasysym 2003/10/30 v2.0 Wasy-2 symbol support package
\symwasy=\mathgroup6
LaTeX Font Info:    Overwriting symbol font `wasy' in version `bold'
(Font)                  U/wasy/m/n --> U/wasy/b/n on input line 90.
)
\c@remarque=\count174
\c@propriete=\count175
\c@exemple=\count176

("C:\Users\Sergiu\AppData\Local\Programs\MiKTeX 2.9\tex/latex/caption\subcaptio
n.sty"
Package: subcaption 2018/05/01 v1.1-162 Sub-captions (AR)

("C:\Users\Sergiu\AppData\Local\Programs\MiKTeX 2.9\tex/latex/caption\caption.s
ty"
Package: caption 2018/10/06 v3.3-154 Customizing captions (AR)

("C:\Users\Sergiu\AppData\Local\Programs\MiKTeX 2.9\tex/latex/caption\caption3.
sty"
Package: caption3 2018/09/12 v1.8c caption3 kernel (AR)
Package caption3 Info: TeX engine: e-TeX on input line 64.
\captionmargin=\dimen273
\captionmargin@=\dimen274
\captionwidth=\dimen275
\caption@tempdima=\dimen276
\caption@indent=\dimen277
\caption@parindent=\dimen278
\caption@hangindent=\dimen279
)
\c@caption@flags=\count177
\c@ContinuedFloat=\count178
Package caption Info: beamer document class.
Package caption Info: hyperref package is loaded.
Package caption Info: Hyperref support is turned off
(caption)             because hyperref has stopped early.
)
\c@subfigure=\count179
\c@subtable=\count180
)
("C:\Users\Sergiu\AppData\Local\Programs\MiKTeX 2.9\tex/generic/oberdiek\alphal
ph.sty"
Package: alphalph 2016/05/16 v2.5 Convert numbers to letters (HO)
)
("C:\Users\Sergiu\AppData\Local\Programs\MiKTeX 2.9\tex/latex/adjustbox\adjustb
ox.sty"
Package: adjustbox 2019/01/04 v1.2 Adjusting TeX boxes (trim, clip, ...)

("C:\Users\Sergiu\AppData\Local\Programs\MiKTeX 2.9\tex/latex/xkeyval\xkeyval.s
ty"
Package: xkeyval 2014/12/03 v2.7a package option processing (HA)

("C:\Users\Sergiu\AppData\Local\Programs\MiKTeX 2.9\tex/generic/xkeyval\xkeyval
.tex"
("C:\Users\Sergiu\AppData\Local\Programs\MiKTeX 2.9\tex/generic/xkeyval\xkvutil
s.tex"
\XKV@toks=\toks53
\XKV@tempa@toks=\toks54
)
\XKV@depth=\count181
File: xkeyval.tex 2014/12/03 v2.7a key=value parser (HA)
))
("C:\Users\Sergiu\AppData\Local\Programs\MiKTeX 2.9\tex/latex/adjustbox\adjcalc
.sty"
Package: adjcalc 2012/05/16 v1.1 Provides advanced setlength with multiple back
-ends (calc, etex, pgfmath)
)
("C:\Users\Sergiu\AppData\Local\Programs\MiKTeX 2.9\tex/latex/adjustbox\trimcli
p.sty"
Package: trimclip 2018/04/08 v1.1 Trim and clip general TeX material

("C:\Users\Sergiu\AppData\Local\Programs\MiKTeX 2.9\tex/latex/collectbox\collec
tbox.sty"
Package: collectbox 2012/05/17 v0.4b Collect macro arguments as boxes
\collectedbox=\box83
)
\tc@llx=\dimen280
\tc@lly=\dimen281
\tc@urx=\dimen282
\tc@ury=\dimen283
Package trimclip Info: Using driver 'tc-pdftex.def'.

("C:\Users\Sergiu\AppData\Local\Programs\MiKTeX 2.9\tex/latex/adjustbox\tc-pdft
ex.def"
File: tc-pdftex.def 2019/01/04 v2.2 Clipping driver for pdftex
))
\adjbox@Width=\dimen284
\adjbox@Height=\dimen285
\adjbox@Depth=\dimen286
\adjbox@Totalheight=\dimen287
\adjbox@pwidth=\dimen288
\adjbox@pheight=\dimen289
\adjbox@pdepth=\dimen290
\adjbox@ptotalheight=\dimen291

("C:\Users\Sergiu\AppData\Local\Programs\MiKTeX 2.9\tex/latex/ifoddpage\ifoddpa
ge.sty"
Package: ifoddpage 2016/04/23 v1.1 Conditionals for odd/even page detection
\c@checkoddpage=\count182
)
("C:\Users\Sergiu\AppData\Local\Programs\MiKTeX 2.9\tex/latex/varwidth\varwidth
.sty"
Package: varwidth 2009/03/30 ver 0.92;  Variable-width minipages
\@vwid@box=\box84
\sift@deathcycles=\count183
\@vwid@loff=\dimen292
\@vwid@roff=\dimen293
))
("C:\Users\Sergiu\AppData\Local\Programs\MiKTeX 2.9\tex/latex/beamer\beamerthem
eMadrid.sty"
("C:\Users\Sergiu\AppData\Local\Programs\MiKTeX 2.9\tex/latex/beamer\beamercolo
rthemewhale.sty")
("C:\Users\Sergiu\AppData\Local\Programs\MiKTeX 2.9\tex/latex/beamer\beamercolo
rthemeorchid.sty")
("C:\Users\Sergiu\AppData\Local\Programs\MiKTeX 2.9\tex/latex/beamer\beamerinne
rthemerounded.sty")
("C:\Users\Sergiu\AppData\Local\Programs\MiKTeX 2.9\tex/latex/beamer\beameroute
rthemeinfolines.sty"))
("C:\Users\Sergiu\AppData\Local\Programs\MiKTeX 2.9\tex/latex/beamer\beamercolo
rthemeseahorse.sty") (isae-beamer-template.aux)
\openout1 = `isae-beamer-template.aux'.

LaTeX Font Info:    Checking defaults for OML/cmm/m/it on input line 139.
LaTeX Font Info:    ... okay on input line 139.
LaTeX Font Info:    Checking defaults for T1/cmr/m/n on input line 139.
LaTeX Font Info:    ... okay on input line 139.
LaTeX Font Info:    Checking defaults for OT1/cmr/m/n on input line 139.
LaTeX Font Info:    ... okay on input line 139.
LaTeX Font Info:    Checking defaults for OMS/cmsy/m/n on input line 139.
LaTeX Font Info:    ... okay on input line 139.
LaTeX Font Info:    Checking defaults for OMX/cmex/m/n on input line 139.
LaTeX Font Info:    ... okay on input line 139.
LaTeX Font Info:    Checking defaults for U/cmr/m/n on input line 139.
LaTeX Font Info:    ... okay on input line 139.
LaTeX Font Info:    Checking defaults for PD1/pdf/m/n on input line 139.
LaTeX Font Info:    ... okay on input line 139.
LaTeX Font Info:    Try loading font information for OT1+phv on input line 139.


("C:\Users\Sergiu\AppData\Local\Programs\MiKTeX 2.9\tex/latex/psnfss\ot1phv.fd"
File: ot1phv.fd 2001/06/04 scalable font definitions for OT1/phv.
)
*geometry* driver: auto-detecting
*geometry* detected driver: pdftex
*geometry* verbose mode - [ preamble ] result:
* driver: pdftex
* paper: custom
* layout: <same size as paper>
* layoutoffset:(h,v)=(0.0pt,0.0pt)
* modes: includehead includefoot 
* h-part:(L,W,R)=(10.95003pt, 342.2953pt, 10.95003pt)
* v-part:(T,H,B)=(0.0pt, 273.14662pt, 0.0pt)
* \paperwidth=364.19536pt
* \paperheight=273.14662pt
* \textwidth=342.2953pt
* \textheight=244.6939pt
* \oddsidemargin=-61.31996pt
* \evensidemargin=-61.31996pt
* \topmargin=-72.26999pt
* \headheight=14.22636pt
* \headsep=0.0pt
* \topskip=11.0pt
* \footskip=14.22636pt
* \marginparwidth=4.0pt
* \marginparsep=10.0pt
* \columnsep=10.0pt
* \skip\footins=10.0pt plus 4.0pt minus 2.0pt
* \hoffset=0.0pt
* \voffset=0.0pt
* \mag=1000
* \@twocolumnfalse
* \@twosidefalse
* \@mparswitchfalse
* \@reversemarginfalse
* (1in=72.27pt=25.4mm, 1cm=28.453pt)


("C:\Users\Sergiu\AppData\Local\Programs\MiKTeX 2.9\tex/context/base/mkii\supp-
pdf.mkii"
[Loading MPS to PDF converter (version 2006.09.02).]
\scratchcounter=\count184
\scratchdimen=\dimen294
\scratchbox=\box85
\nofMPsegments=\count185
\nofMParguments=\count186
\everyMPshowfont=\toks55
\MPscratchCnt=\count187
\MPscratchDim=\dimen295
\MPnumerator=\count188
\makeMPintoPDFobject=\count189
\everyMPtoPDFconversion=\toks56
)
("C:\Users\Sergiu\AppData\Local\Programs\MiKTeX 2.9\tex/latex/oberdiek\epstopdf
-base.sty"
Package: epstopdf-base 2016/05/15 v2.6 Base part for package epstopdf

("C:\Users\Sergiu\AppData\Local\Programs\MiKTeX 2.9\tex/latex/oberdiek\grfext.s
ty"
Package: grfext 2016/05/16 v1.2 Manage graphics extensions (HO)
)
Package epstopdf-base Info: Redefining graphics rule for `.eps' on input line 4
38.
Package grfext Info: Graphics extension search list:
(grfext)             [.pdf,.png,.jpg,.mps,.jpeg,.jbig2,.jb2,.PDF,.PNG,.JPG,.JPE
G,.JBIG2,.JB2,.eps]
(grfext)             \AppendGraphicsExtensions on input line 456.
) ABD: EveryShipout initializing macros
\AtBeginShipoutBox=\box86
Package hyperref Info: Link coloring OFF on input line 139.

("C:\Users\Sergiu\AppData\Local\Programs\MiKTeX 2.9\tex/latex/hyperref\nameref.
sty"
Package: nameref 2016/05/21 v2.44 Cross-referencing by name of section

("C:\Users\Sergiu\AppData\Local\Programs\MiKTeX 2.9\tex/generic/oberdiek\gettit
lestring.sty"
Package: gettitlestring 2016/05/16 v1.5 Cleanup title references (HO)
)
\c@section@level=\count190
)
LaTeX Info: Redefining \ref on input line 139.
LaTeX Info: Redefining \pageref on input line 139.
LaTeX Info: Redefining \nameref on input line 139.
 (isae-beamer-template.out) (isae-beamer-template.out)
\@outlinefile=\write5
\openout5 = `isae-beamer-template.out'.

LaTeX Font Info:    Overwriting symbol font `operators' in version `normal'
(Font)                  OT1/cmr/m/n --> OT1/cmss/m/n on input line 139.
LaTeX Font Info:    Overwriting symbol font `operators' in version `bold'
(Font)                  OT1/cmr/bx/n --> OT1/cmss/bx/n on input line 139.
\symnumbers=\mathgroup7
\sympureletters=\mathgroup8
LaTeX Font Info:    Overwriting math alphabet `\mathrm' in version `normal'
(Font)                  OT1/cmss/m/n --> OT1/ppl/m/n on input line 139.
LaTeX Font Info:    Redeclaring math alphabet \mathbf on input line 139.
LaTeX Font Info:    Overwriting math alphabet `\mathbf' in version `normal'
(Font)                  OT1/cmr/bx/n --> OT1/phv/bx/n on input line 139.
LaTeX Font Info:    Overwriting math alphabet `\mathbf' in version `bold'
(Font)                  OT1/cmr/bx/n --> OT1/phv/bx/n on input line 139.
LaTeX Font Info:    Redeclaring math alphabet \mathsf on input line 139.
LaTeX Font Info:    Overwriting math alphabet `\mathsf' in version `normal'
(Font)                  OT1/cmss/m/n --> OT1/phv/m/n on input line 139.
LaTeX Font Info:    Overwriting math alphabet `\mathsf' in version `bold'
(Font)                  OT1/cmss/bx/n --> OT1/phv/m/n on input line 139.
LaTeX Font Info:    Redeclaring math alphabet \mathit on input line 139.
LaTeX Font Info:    Overwriting math alphabet `\mathit' in version `normal'
(Font)                  OT1/cmr/m/it --> OT1/phv/m/it on input line 139.
LaTeX Font Info:    Overwriting math alphabet `\mathit' in version `bold'
(Font)                  OT1/cmr/bx/it --> OT1/phv/m/it on input line 139.
LaTeX Font Info:    Redeclaring math alphabet \mathtt on input line 139.
LaTeX Font Info:    Overwriting math alphabet `\mathtt' in version `normal'
(Font)                  OT1/cmtt/m/n --> OT1/pcr/m/n on input line 139.
LaTeX Font Info:    Overwriting math alphabet `\mathtt' in version `bold'
(Font)                  OT1/cmtt/m/n --> OT1/pcr/m/n on input line 139.
LaTeX Font Info:    Overwriting symbol font `numbers' in version `bold'
(Font)                  OT1/phv/m/n --> OT1/phv/bx/n on input line 139.
LaTeX Font Info:    Overwriting symbol font `pureletters' in version `bold'
(Font)                  OT1/phv/m/it --> OT1/phv/bx/it on input line 139.
LaTeX Font Info:    Overwriting math alphabet `\mathrm' in version `bold'
(Font)                  OT1/cmss/bx/n --> OT1/ppl/bx/n on input line 139.
LaTeX Font Info:    Overwriting math alphabet `\mathbf' in version `bold'
(Font)                  OT1/phv/bx/n --> OT1/phv/bx/n on input line 139.
LaTeX Font Info:    Overwriting math alphabet `\mathsf' in version `bold'
(Font)                  OT1/phv/m/n --> OT1/phv/bx/n on input line 139.
LaTeX Font Info:    Overwriting math alphabet `\mathit' in version `bold'
(Font)                  OT1/phv/m/it --> OT1/phv/bx/it on input line 139.
LaTeX Font Info:    Overwriting math alphabet `\mathtt' in version `bold'
(Font)                  OT1/pcr/m/n --> OT1/pcr/bx/n on input line 139.

("C:\Users\Sergiu\AppData\Local\Programs\MiKTeX 2.9\tex/latex/translator\transl
ator-basic-dictionary-English.dict"
Dictionary: translator-basic-dictionary, Language: English 
)
("C:\Users\Sergiu\AppData\Local\Programs\MiKTeX 2.9\tex/latex/translator\transl
ator-bibliography-dictionary-English.dict"
Dictionary: translator-bibliography-dictionary, Language: English 
)
("C:\Users\Sergiu\AppData\Local\Programs\MiKTeX 2.9\tex/latex/translator\transl
ator-environment-dictionary-English.dict"
Dictionary: translator-environment-dictionary, Language: English 
)
("C:\Users\Sergiu\AppData\Local\Programs\MiKTeX 2.9\tex/latex/translator\transl
ator-months-dictionary-English.dict"
Dictionary: translator-months-dictionary, Language: English 
)
("C:\Users\Sergiu\AppData\Local\Programs\MiKTeX 2.9\tex/latex/translator\transl
ator-numbers-dictionary-English.dict"
Dictionary: translator-numbers-dictionary, Language: English 
)
("C:\Users\Sergiu\AppData\Local\Programs\MiKTeX 2.9\tex/latex/translator\transl
ator-theorem-dictionary-English.dict"
Dictionary: translator-theorem-dictionary, Language: English 
)
Package pgfplots notification 'compat/show suggested version=true': you might b
enefit from \pgfplotsset{compat=1.16} (current compat level: 1.13).

Package caption Info: Begin \AtBeginDocument code.
Package caption Info: End \AtBeginDocument code.
(isae-beamer-template.nav)
LaTeX Font Info:    Try loading font information for U+msa on input line 143.

("C:\Users\Sergiu\AppData\Local\Programs\MiKTeX 2.9\tex/latex/amsfonts\umsa.fd"
File: umsa.fd 2013/01/14 v3.01 AMS symbols A
)
LaTeX Font Info:    Try loading font information for U+msb on input line 143.
 ("C:\Users\Sergiu\AppData\Local\Programs\MiKTeX 2.9\tex/latex/amsfonts\umsb.fd
"
File: umsb.fd 2013/01/14 v3.01 AMS symbols B
)
LaTeX Font Info:    Try loading font information for U+wasy on input line 143.

("C:\Users\Sergiu\AppData\Local\Programs\MiKTeX 2.9\tex/latex/wasysym\uwasy.fd"
File: uwasy.fd 2003/10/30 v2.0 Wasy-2 symbol font definitions
)
LaTeX Font Info:    Font shape `OT1/phv/m/it' in size <10> not available
(Font)              Font shape `OT1/phv/m/sl' tried instead on input line 143.
LaTeX Font Info:    Font shape `OT1/phv/m/it' in size <7> not available
(Font)              Font shape `OT1/phv/m/sl' tried instead on input line 143.
LaTeX Font Info:    Font shape `OT1/phv/m/it' in size <5> not available
(Font)              Font shape `OT1/phv/m/sl' tried instead on input line 143.
LaTeX Font Info:    Font shape `OT1/phv/m/it' in size <8> not available
(Font)              Font shape `OT1/phv/m/sl' tried instead on input line 143.
LaTeX Font Info:    Font shape `OT1/phv/m/it' in size <6> not available
(Font)              Font shape `OT1/phv/m/sl' tried instead on input line 143.
<images/3dpl.png, id=47, 1429.34pt x 283.0575pt>
File: images/3dpl.png Graphic file (type png)
<use images/3dpl.png>
Package pdftex.def Info: images/3dpl.png  used on input line 143.
(pdftex.def)             Requested size: 100.56564pt x 19.91684pt.
 [1

{C:/Users/Sergiu/AppData/Local/MiKTeX/2.9/pdftex/config/pdftex.map} <./images/3
dpl.png>] (isae-beamer-template.toc)
<images/ceig.png, id=68, 981.6675pt x 250.9375pt>
File: images/ceig.png Graphic file (type png)
<use images/ceig.png>
Package pdftex.def Info: images/ceig.png  used on input line 150.
(pdftex.def)             Requested size: 89.0353pt x 22.76228pt.
 [2

 <./images/ceig.png>]
<images/intro.jpg, id=83, 1734.48pt x 754.82pt>
File: images/intro.jpg Graphic file (type jpg)
<use images/intro.jpg>
Package pdftex.def Info: images/intro.jpg  used on input line 165.
(pdftex.def)             Requested size: 308.06367pt x 134.06499pt.
File: images/ceig.png Graphic file (type png)
<use images/ceig.png>
Package pdftex.def Info: images/ceig.png  used on input line 165.
(pdftex.def)             Requested size: 89.0353pt x 22.76228pt.
 [3

 <./images/intro.jpg>]
File: images/ceig.png Graphic file (type png)
<use images/ceig.png>
Package pdftex.def Info: images/ceig.png  used on input line 185.
(pdftex.def)             Requested size: 89.0353pt x 22.76228pt.
 [4

]
<images/grab.jpg, id=102, 1718.42pt x 576.1525pt>
File: images/grab.jpg Graphic file (type jpg)
<use images/grab.jpg>
Package pdftex.def Info: images/grab.jpg  used on input line 206.
(pdftex.def)             Requested size: 239.60567pt x 80.33551pt.
File: images/ceig.png Graphic file (type png)
<use images/ceig.png>
Package pdftex.def Info: images/ceig.png  used on input line 206.
(pdftex.def)             Requested size: 89.0353pt x 22.76228pt.
 [5

 <./images/grab.jpg>]
File: images/ceig.png Graphic file (type png)
<use images/ceig.png>
Package pdftex.def Info: images/ceig.png  used on input line 222.
(pdftex.def)             Requested size: 89.0353pt x 22.76228pt.
 [6

]
LaTeX Font Info:    Font shape `OT1/phv/bx/n' in size <10.95> not available
(Font)              Font shape `OT1/phv/b/n' tried instead on input line 244.
<images/grasp_taxonomy.jpg, id=118, 1898.09125pt x 1017.8025pt>
File: images/grasp_taxonomy.jpg Graphic file (type jpg)
<use images/grasp_taxonomy.jpg>
Package pdftex.def Info: images/grasp_taxonomy.jpg  used on input line 244.
(pdftex.def)             Requested size: 205.37926pt x 110.12604pt.
File: images/ceig.png Graphic file (type png)
<use images/ceig.png>
Package pdftex.def Info: images/ceig.png  used on input line 244.
(pdftex.def)             Requested size: 89.0353pt x 22.76228pt.
 [7

 <./images/grasp_taxonomy.jpg>]
LaTeX Font Info:    Font shape `OT1/phv/bx/n' in size <10> not available
(Font)              Font shape `OT1/phv/b/n' tried instead on input line 267.
<images/mannequin_hands.jpg, id=127, 922.44624pt x 472.76625pt>
File: images/mannequin_hands.jpg Graphic file (type jpg)
<use images/mannequin_hands.jpg>
Package pdftex.def Info: images/mannequin_hands.jpg  used on input line 267.
(pdftex.def)             Requested size: 171.14764pt x 87.71286pt.
File: images/ceig.png Graphic file (type png)
<use images/ceig.png>
Package pdftex.def Info: images/ceig.png  used on input line 267.
(pdftex.def)             Requested size: 89.0353pt x 22.76228pt.

Overfull \vbox (8.94809pt too high) detected at line 267
 []

[8

 <./images/mannequin_hands.jpg>]
LaTeX Font Info:    Font shape `OT1/phv/m/it' in size <10.95> not available
(Font)              Font shape `OT1/phv/m/sl' tried instead on input line 320.
File: images/ceig.png Graphic file (type png)
<use images/ceig.png>
Package pdftex.def Info: images/ceig.png  used on input line 320.
(pdftex.def)             Requested size: 89.0353pt x 22.76228pt.
 [9

]
File: images/ceig.png Graphic file (type png)
<use images/ceig.png>
Package pdftex.def Info: images/ceig.png  used on input line 343.
(pdftex.def)             Requested size: 89.0353pt x 22.76228pt.
 [10

]
<../Figures/0.png, id=146, 613.54219pt x 361.35pt>
File: ../Figures/0.png Graphic file (type png)
<use ../Figures/0.png>
Package pdftex.def Info: ../Figures/0.png  used on input line 462.
(pdftex.def)             Requested size: 44.50005pt x 52.65585pt.
<../Figures/1.png, id=148, 613.54219pt x 361.35pt>
File: ../Figures/1.png Graphic file (type png)
<use ../Figures/1.png>
Package pdftex.def Info: ../Figures/1.png  used on input line 462.
(pdftex.def)             Requested size: 44.50005pt x 52.20401pt.
<../Figures/2.png, id=150, 613.54219pt x 361.35pt>
File: ../Figures/2.png Graphic file (type png)
<use ../Figures/2.png>
Package pdftex.def Info: ../Figures/2.png  used on input line 462.
(pdftex.def)             Requested size: 44.50005pt x 51.47012pt.
<../Figures/3.png, id=152, 613.54219pt x 361.35pt>
File: ../Figures/3.png Graphic file (type png)
<use ../Figures/3.png>
Package pdftex.def Info: ../Figures/3.png  used on input line 462.
(pdftex.def)             Requested size: 44.50005pt x 51.01636pt.
<../Figures/4.png, id=154, 613.54219pt x 361.35pt>
File: ../Figures/4.png Graphic file (type png)
<use ../Figures/4.png>
Package pdftex.def Info: ../Figures/4.png  used on input line 462.
(pdftex.def)             Requested size: 44.50005pt x 49.59015pt.
<../Figures/5.png, id=156, 613.54219pt x 361.35pt>
File: ../Figures/5.png Graphic file (type png)
<use ../Figures/5.png>
Package pdftex.def Info: ../Figures/5.png  used on input line 462.
(pdftex.def)             Requested size: 44.50005pt x 49.59015pt.
<../Figures/7.png, id=158, 613.54219pt x 361.35pt>
File: ../Figures/7.png Graphic file (type png)
<use ../Figures/7.png>
Package pdftex.def Info: ../Figures/7.png  used on input line 462.
(pdftex.def)             Requested size: 44.50005pt x 50.09239pt.
<../Figures/8.png, id=160, 613.54219pt x 361.35pt>
File: ../Figures/8.png Graphic file (type png)
<use ../Figures/8.png>
Package pdftex.def Info: ../Figures/8.png  used on input line 462.
(pdftex.def)             Requested size: 44.50005pt x 45.59094pt.
<../Figures/9.png, id=162, 613.54219pt x 361.35pt>
File: ../Figures/9.png Graphic file (type png)
<use ../Figures/9.png>
Package pdftex.def Info: ../Figures/9.png  used on input line 462.
(pdftex.def)             Requested size: 44.50005pt x 45.42427pt.
<../Figures/10.png, id=164, 613.54219pt x 361.35pt>
File: ../Figures/10.png Graphic file (type png)
<use ../Figures/10.png>
Package pdftex.def Info: ../Figures/10.png  used on input line 462.
(pdftex.def)             Requested size: 44.50005pt x 45.83012pt.
<../Figures/11.png, id=166, 613.54219pt x 361.35pt>
File: ../Figures/11.png Graphic file (type png)
<use ../Figures/11.png>
Package pdftex.def Info: ../Figures/11.png  used on input line 462.
(pdftex.def)             Requested size: 44.50005pt x 45.69832pt.
<../Figures/12.png, id=168, 613.54219pt x 361.35pt>
File: ../Figures/12.png Graphic file (type png)
<use ../Figures/12.png>
Package pdftex.def Info: ../Figures/12.png  used on input line 462.
(pdftex.def)             Requested size: 44.50005pt x 45.83012pt.
<../Figures/13.png, id=170, 613.54219pt x 361.35pt>
File: ../Figures/13.png Graphic file (type png)
<use ../Figures/13.png>
Package pdftex.def Info: ../Figures/13.png  used on input line 462.
(pdftex.def)             Requested size: 44.50005pt x 50.59401pt.
<../Figures/14.png, id=172, 613.54219pt x 361.35pt>
File: ../Figures/14.png Graphic file (type png)
<use ../Figures/14.png>
Package pdftex.def Info: ../Figures/14.png  used on input line 462.
(pdftex.def)             Requested size: 44.50005pt x 50.70567pt.
<../Figures/15.png, id=174, 613.54219pt x 361.35pt>
File: ../Figures/15.png Graphic file (type png)
<use ../Figures/15.png>
Package pdftex.def Info: ../Figures/15.png  used on input line 462.
(pdftex.def)             Requested size: 44.50005pt x 50.67958pt.
<../Figures/16.png, id=176, 613.54219pt x 361.35pt>
File: ../Figures/16.png Graphic file (type png)
<use ../Figures/16.png>
Package pdftex.def Info: ../Figures/16.png  used on input line 462.
(pdftex.def)             Requested size: 44.50005pt x 45.69832pt.
<../Figures/17.png, id=178, 613.54219pt x 361.35pt>
File: ../Figures/17.png Graphic file (type png)
<use ../Figures/17.png>
Package pdftex.def Info: ../Figures/17.png  used on input line 462.
(pdftex.def)             Requested size: 44.50005pt x 45.30075pt.
<../Figures/18.png, id=180, 613.54219pt x 361.35pt>
File: ../Figures/18.png Graphic file (type png)
<use ../Figures/18.png>
Package pdftex.def Info: ../Figures/18.png  used on input line 462.
(pdftex.def)             Requested size: 44.50005pt x 33.53432pt.
<../Figures/19.png, id=182, 613.54219pt x 361.35pt>
File: ../Figures/19.png Graphic file (type png)
<use ../Figures/19.png>
Package pdftex.def Info: ../Figures/19.png  used on input line 462.
(pdftex.def)             Requested size: 44.50005pt x 33.22072pt.
<../Figures/20.png, id=184, 613.54219pt x 361.35pt>
File: ../Figures/20.png Graphic file (type png)
<use ../Figures/20.png>
Package pdftex.def Info: ../Figures/20.png  used on input line 462.
(pdftex.def)             Requested size: 44.50005pt x 33.89873pt.
<../Figures/21.png, id=186, 613.54219pt x 361.35pt>
File: ../Figures/21.png Graphic file (type png)
<use ../Figures/21.png>
Package pdftex.def Info: ../Figures/21.png  used on input line 462.
(pdftex.def)             Requested size: 44.50005pt x 33.53432pt.
File: images/ceig.png Graphic file (type png)
<use images/ceig.png>
Package pdftex.def Info: images/ceig.png  used on input line 462.
(pdftex.def)             Requested size: 89.0353pt x 22.76228pt.

Overfull \vbox (5.43997pt too high) detected at line 462
 []

[11

 <../Figures/0.png> <../Figures/1.png> <../Figures/2.png> <../Figures/3.png> <.
./Figures/4.png> <../Figures/5.png> <../Figures/7.png> <../Figures/8.png> <../F
igures/9.png> <../Figures/10.png> <../Figures/11.png> <../Figures/12.png> <../F
igures/13.png> <../Figures/14.png> <../Figures/15.png> <../Figures/16.png> <../
Figures/17.png> <../Figures/18.png> <../Figures/19.png> <../Figures/20.png> <..
/Figures/21.png>]
<../Figures/22.png, id=278, 613.54219pt x 361.35pt>
File: ../Figures/22.png Graphic file (type png)
<use ../Figures/22.png>
Package pdftex.def Info: ../Figures/22.png  used on input line 516.
(pdftex.def)             Requested size: 44.50005pt x 39.41754pt.
<../Figures/23.png, id=280, 613.54219pt x 361.35pt>
File: ../Figures/23.png Graphic file (type png)
<use ../Figures/23.png>
Package pdftex.def Info: ../Figures/23.png  used on input line 516.
(pdftex.def)             Requested size: 44.50005pt x 31.86478pt.
<../Figures/24.png, id=282, 613.54219pt x 361.35pt>
File: ../Figures/24.png Graphic file (type png)
<use ../Figures/24.png>
Package pdftex.def Info: ../Figures/24.png  used on input line 516.
(pdftex.def)             Requested size: 44.50005pt x 52.44775pt.
<../Figures/25.png, id=284, 613.54219pt x 361.35pt>
File: ../Figures/25.png Graphic file (type png)
<use ../Figures/25.png>
Package pdftex.def Info: ../Figures/25.png  used on input line 516.
(pdftex.def)             Requested size: 44.50005pt x 53.58936pt.
<../Figures/27.png, id=286, 613.54219pt x 361.35pt>
File: ../Figures/27.png Graphic file (type png)
<use ../Figures/27.png>
Package pdftex.def Info: ../Figures/27.png  used on input line 516.
(pdftex.def)             Requested size: 44.50005pt x 45.50137pt.
<../Figures/28.png, id=288, 613.54219pt x 361.35pt>
File: ../Figures/28.png Graphic file (type png)
<use ../Figures/28.png>
Package pdftex.def Info: ../Figures/28.png  used on input line 516.
(pdftex.def)             Requested size: 44.50005pt x 46.2478pt.
<../Figures/29.png, id=290, 613.54219pt x 361.35pt>
File: ../Figures/29.png Graphic file (type png)
<use ../Figures/29.png>
Package pdftex.def Info: ../Figures/29.png  used on input line 516.
(pdftex.def)             Requested size: 44.50005pt x 45.83012pt.
<../Figures/30.png, id=292, 613.54219pt x 361.35pt>
File: ../Figures/30.png Graphic file (type png)
<use ../Figures/30.png>
Package pdftex.def Info: ../Figures/30.png  used on input line 516.
(pdftex.def)             Requested size: 44.50005pt x 45.69832pt.
<../Figures/34.png, id=294, 613.54219pt x 361.35pt>
File: ../Figures/34.png Graphic file (type png)
<use ../Figures/34.png>
Package pdftex.def Info: ../Figures/34.png  used on input line 516.
(pdftex.def)             Requested size: 44.50005pt x 37.41396pt.
File: images/ceig.png Graphic file (type png)
<use images/ceig.png>
Package pdftex.def Info: images/ceig.png  used on input line 516.
(pdftex.def)             Requested size: 89.0353pt x 22.76228pt.
 [12

 <../Figures/22.png> <../Figures/23.png> <../Figures/24.png> <../Figures/25.png
> <../Figures/27.png> <../Figures/28.png> <../Figures/29.png> <../Figures/30.pn
g> <../Figures/34.png>]
File: images/ceig.png Graphic file (type png)
<use images/ceig.png>
Package pdftex.def Info: images/ceig.png  used on input line 557.
(pdftex.def)             Requested size: 89.0353pt x 22.76228pt.

Overfull \vbox (6.87724pt too high) detected at line 557
 []

[13

]
File: images/ceig.png Graphic file (type png)
<use images/ceig.png>
Package pdftex.def Info: images/ceig.png  used on input line 585.
(pdftex.def)             Requested size: 89.0353pt x 22.76228pt.
 [14

]
<images/distanceCalculusMod.jpg, id=355, 2341.74875pt x 1897.0875pt>
File: images/distanceCalculusMod.jpg Graphic file (type jpg)
<use images/distanceCalculusMod.jpg>
Package pdftex.def Info: images/distanceCalculusMod.jpg  used on input line 599
.
(pdftex.def)             Requested size: 273.83728pt x 221.8223pt.
File: images/ceig.png Graphic file (type png)
<use images/ceig.png>
Package pdftex.def Info: images/ceig.png  used on input line 599.
(pdftex.def)             Requested size: 89.0353pt x 22.76228pt.
 [15

 <./images/distanceCalculusMod.jpg>]
Package pgfplots info on input line 643: Using 'lua backend=false' for axis: x 
coord trafo unsupported.
PGFPlots: reading {Data/time_per_object.dat}
PGFPlots: reading {Data/time_per_object.dat}
File: images/ceig.png Graphic file (type png)
<use images/ceig.png>
Package pdftex.def Info: images/ceig.png  used on input line 643.
(pdftex.def)             Requested size: 89.0353pt x 22.76228pt.
 [16

]
Package pgfplots info on input line 685: Using 'lua backend=false' for axis: x 
coord trafo unsupported.
PGFPlots: reading {Data/time_per_object_overall.dat}
File: images/ceig.png Graphic file (type png)
<use images/ceig.png>
Package pdftex.def Info: images/ceig.png  used on input line 685.
(pdftex.def)             Requested size: 89.0353pt x 22.76228pt.
 [17

]
Package pgfplots info on input line 727: Using 'lua backend=false' for axis: x 
coord trafo unsupported.
PGFPlots: reading {Data/accuracy_per_object.dat}
PGFPlots: reading {Data/accuracy_per_object.dat}
File: images/ceig.png Graphic file (type png)
<use images/ceig.png>
Package pdftex.def Info: images/ceig.png  used on input line 727.
(pdftex.def)             Requested size: 89.0353pt x 22.76228pt.
 [18

]
Package pgfplots info on input line 769: Using 'lua backend=false' for axis: x 
coord trafo unsupported.
PGFPlots: reading {Data/time_per_object_overall.dat}
File: images/ceig.png Graphic file (type png)
<use images/ceig.png>
Package pdftex.def Info: images/ceig.png  used on input line 769.
(pdftex.def)             Requested size: 89.0353pt x 22.76228pt.
 [19

]
File: images/ceig.png Graphic file (type png)
<use images/ceig.png>
Package pdftex.def Info: images/ceig.png  used on input line 784.
(pdftex.def)             Requested size: 89.0353pt x 22.76228pt.
 [20

]
File: images/ceig.png Graphic file (type png)
<use images/ceig.png>
Package pdftex.def Info: images/ceig.png  used on input line 796.
(pdftex.def)             Requested size: 89.0353pt x 22.76228pt.

[21

]
File: images/ceig.png Graphic file (type png)
<use images/ceig.png>
Package pdftex.def Info: images/ceig.png  used on input line 803.
(pdftex.def)             Requested size: 89.0353pt x 22.76228pt.
 [22

]
File: images/3dpl.png Graphic file (type png)
<use images/3dpl.png>
Package pdftex.def Info: images/3dpl.png  used on input line 808.
(pdftex.def)             Requested size: 100.56564pt x 19.91684pt.
 [23

]
\c@lastframe=\count191
 (isae-beamer-template.bbl)
File: images/ceig.png Graphic file (type png)
<use images/ceig.png>
Package pdftex.def Info: images/ceig.png  used on input line 817.
(pdftex.def)             Requested size: 89.0353pt x 22.76228pt.
 [24

 <C:/Users/Sergiu/AppData/Local/Programs/MiKTeX 2.9/tex/latex/beamer/beamericon
article.pdf>]
File: images/ceig.png Graphic file (type png)
<use images/ceig.png>
Package pdftex.def Info: images/ceig.png  used on input line 843.
(pdftex.def)             Requested size: 89.0353pt x 22.76228pt.
 [25

]
File: images/ceig.png Graphic file (type png)
<use images/ceig.png>
Package pdftex.def Info: images/ceig.png  used on input line 864.
(pdftex.def)             Requested size: 89.0353pt x 22.76228pt.
 [26

]
\tf@nav=\write6
\openout6 = `isae-beamer-template.nav'.

\tf@toc=\write7
\openout7 = `isae-beamer-template.toc'.

\tf@snm=\write8
\openout8 = `isae-beamer-template.snm'.

Package atveryend Info: Empty hook `BeforeClearDocument' on input line 866.
Package atveryend Info: Empty hook `AfterLastShipout' on input line 866.

(isae-beamer-template.aux)
Package atveryend Info: Executing hook `AtVeryEndDocument' on input line 866.
Package atveryend Info: Executing hook `AtEndAfterFileList' on input line 866.
Package rerunfilecheck Info: File `isae-beamer-template.out' has not changed.
(rerunfilecheck)             Checksum: 949B106CAA27C1B58C8BEB2EAB27660B;360.
 ) 
Here is how much of TeX's memory you used:
 36632 strings out of 492895
 892048 string characters out of 3123268
 1127091 words of memory out of 3000000
 39630 multiletter control sequences out of 15000+200000
 35725 words of font info for 78 fonts, out of 3000000 for 9000
 1141 hyphenation exceptions out of 8191
 78i,20n,136p,816b,2521s stack positions out of 5000i,500n,10000p,200000b,50000s
{C:/Users/Sergiu/AppData/Local/Programs/MiKTeX 2.9/fonts/enc/dvips/base/8r.en
c}<C:/Users/Sergiu/AppData/Local/Programs/MiKTeX 2.9/fonts/type1/public/amsfont
s/cm/cmex10.pfb><C:/Users/Sergiu/AppData/Local/Programs/MiKTeX 2.9/fonts/type1/
public/amsfonts/cm/cmmi10.pfb><C:/Users/Sergiu/AppData/Local/Programs/MiKTeX 2.
9/fonts/type1/public/amsfonts/cm/cmss10.pfb><C:/Users/Sergiu/AppData/Local/Prog
rams/MiKTeX 2.9/fonts/type1/public/amsfonts/cm/cmsy10.pfb><C:/Users/Sergiu/AppD
ata/Local/Programs/MiKTeX 2.9/fonts/type1/urw/helvetic/uhvb8a.pfb><C:/Users/Ser
giu/AppData/Local/Programs/MiKTeX 2.9/fonts/type1/urw/helvetic/uhvr8a.pfb><C:/U
sers/Sergiu/AppData/Local/Programs/MiKTeX 2.9/fonts/type1/urw/helvetic/uhvro8a.
pfb>
Output written on isae-beamer-template.pdf (26 pages, 11724113 bytes).
PDF statistics:
 494 PDF objects out of 1000 (max. 8388607)
 132 named destinations out of 1000 (max. 500000)
 500 words of extra memory for PDF output out of 10000 (max. 10000000)

